<?xml version="1.0" encoding="UTF-8"?>
<testsuite name="labwired" tests="2" failures="0" errors="0" time="0.001920">
  <properties>
    <property name="result_schema_version" value="1.0"/>
    <property name="stop_reason" value="MaxSteps"/>
    <property name="firmware_hash" value="c3d4012f4574665a9b514c38cd1ba92d2fb9d990ef58c3cf90c428b36c1fb9bd"/>
  </properties>
  <testcase classname="labwired" name="run" time="0.001920">
  </testcase>
  <testcase classname="labwired" name="assertion 1: uart_contains: OK" time="0.000000">
  </testcase>
</testsuite>
