warning: profiles for the non root package will be ignored, specify profiles at the workspace root:
package:   /home/andrii/Projects/labwired/core/crates/firmware-ci-fixture/Cargo.toml
workspace: /home/andrii/Projects/labwired/core/Cargo.toml
warning: profiles for the non root package will be ignored, specify profiles at the workspace root:
package:   /home/andrii/Projects/labwired/core/crates/riscv-ci-fixture/Cargo.toml
workspace: /home/andrii/Projects/labwired/core/Cargo.toml
warning: unused import: `LabwiredTarget`
 --> crates/gdbstub/tests/gdb_e2e.rs:9:35
  |
9 | use labwired_gdbstub::{GdbServer, LabwiredTarget};
  |                                   ^^^^^^^^^^^^^^
  |
  = note: `#[warn(unused_imports)]` (part of `#[warn(unused)]`) on by default

warning: unused import: `DebugControl`
 --> crates/gdbstub/tests/gdb_e2e.rs:8:21
  |
8 | use labwired_core::{DebugControl, Machine};
  |                     ^^^^^^^^^^^^

warning: unused variable: `pc_after_step`
   --> crates/gdbstub/tests/gdb_e2e.rs:126:9
    |
126 |     let pc_after_step = resp
    |         ^^^^^^^^^^^^^ help: if this is intentional, prefix it with an underscore: `_pc_after_step`
    |
    = note: `#[warn(unused_variables)]` (part of `#[warn(unused)]`) on by default

warning: `labwired-gdbstub` (test "gdb_e2e") generated 3 warnings (run `cargo fix --test "gdb_e2e" -p labwired-gdbstub` to apply 2 suggestions)
    Finished `test` profile [unoptimized + debuginfo] target(s) in 0.06s
     Running tests/gdb_e2e.rs (target/debug/deps/gdb_e2e-c7169933ce3d648b)

running 1 test
Starting GDB E2E test...
[2m2026-02-11T09:58:51.725175Z[0m [32m INFO[0m [2mlabwired_loader[0m[2m:[0m ELF Entry Point: 0x401
[2m2026-02-11T09:58:51.725250Z[0m [32m INFO[0m [2mlabwired_gdbstub[0m[2m:[0m GDB server listening on 0.0.0.0:9001
Connecting to GDB server on port 9001...
Sending p0...
[2m2026-02-11T09:58:51.825138Z[0m [32m INFO[0m [2mlabwired_gdbstub[0m[2m:[0m GDB client connected from 127.0.0.1:33932
[2m2026-02-11T09:58:51.825350Z[0m [32m INFO[0m [2mgdbstub::stub::core_impl[0m[2m:[0m Unknown command: Ok("p0")
[2m2026-02-11T09:58:51.825566Z[0m [32m INFO[0m [2mlabwired_core::cpu::cortex_m[0m[2m:[0m CPU STEP 0: PC=0x401
[2m2026-02-11T09:58:51.825786Z[0m [32m INFO[0m [2mlabwired_core::peripherals::uart[0m[2m:[0m UART WRITE (NO SINK): 0x4f
O[2m2026-02-11T09:58:51.825817Z[0m [32m INFO[0m [2mlabwired_core::peripherals::uart[0m[2m:[0m UART WRITE (NO SINK): 0x4b
K[2m2026-02-11T09:58:51.825868Z[0m [32m INFO[0m [2mlabwired_core::peripherals::uart[0m[2m:[0m UART WRITE (NO SINK): 0xa

[2m2026-02-11T09:58:52.000981Z[0m [32m INFO[0m [2mlabwired_core::cpu::cortex_m[0m[2m:[0m CPU STEP 100000: PC=0x454
[2m2026-02-11T09:58:52.208285Z[0m [32m INFO[0m [2mlabwired_core::cpu::cortex_m[0m[2m:[0m CPU STEP 200000: PC=0x454
[2m2026-02-11T09:58:52.406132Z[0m [32m INFO[0m [2mlabwired_core::cpu::cortex_m[0m[2m:[0m CPU STEP 300000: PC=0x454
[2m2026-02-11T09:58:52.602599Z[0m [32m INFO[0m [2mlabwired_core::cpu::cortex_m[0m[2m:[0m CPU STEP 400000: PC=0x454
[2m2026-02-11T09:58:52.803148Z[0m [32m INFO[0m [2mlabwired_core::cpu::cortex_m[0m[2m:[0m CPU STEP 500000: PC=0x454
[2m2026-02-11T09:58:52.996587Z[0m [32m INFO[0m [2mlabwired_core::cpu::cortex_m[0m[2m:[0m CPU STEP 600000: PC=0x454
[2m2026-02-11T09:58:53.173709Z[0m [32m INFO[0m [2mlabwired_core::cpu::cortex_m[0m[2m:[0m CPU STEP 700000: PC=0x454
[2m2026-02-11T09:58:53.343893Z[0m [32m INFO[0m [2mlabwired_core::cpu::cortex_m[0m[2m:[0m CPU STEP 800000: PC=0x454
[2m2026-02-11T09:58:53.514091Z[0m [32m INFO[0m [2mlabwired_core::cpu::cortex_m[0m[2m:[0m CPU STEP 900000: PC=0x454
[2m2026-02-11T09:58:53.683213Z[0m [32m INFO[0m [2mlabwired_core::cpu::cortex_m[0m[2m:[0m CPU STEP 1000000: PC=0x454
[2m2026-02-11T09:58:53.849495Z[0m [32m INFO[0m [2mlabwired_core::cpu::cortex_m[0m[2m:[0m CPU STEP 1100000: PC=0x454

thread 'test_gdb_rsp_basic_commands' (2342798) panicked at crates/gdbstub/tests/gdb_e2e.rs:35:13:
Timed out reading GDB packet. Data so far: ""
note: run with `RUST_BACKTRACE=1` environment variable to display a backtrace
test test_gdb_rsp_basic_commands ... FAILED

failures:

failures:
    test_gdb_rsp_basic_commands

test result: FAILED. 0 passed; 1 failed; 0 ignored; 0 measured; 0 filtered out; finished in 2.15s

error: test failed, to rerun pass `-p labwired-gdbstub --test gdb_e2e`
