{"$message_type":"diagnostic","message":"linking with `cc` failed: exit status: 1","code":null,"level":"error","spans":[],"children":[{"message":" \"cc\" \"-m64\" \"/tmp/rustcPenQ4R/symbols.o\" \"<6 object files omitted>\" \"-Wl,--as-needed\" \"-Wl,-Bstatic\" \"/home/andrii/Projects/labwired/core/target/debug/deps/libpanic_halt-2b522e23cdf27732.rlib\" \"<sysroot>/lib/rustlib/x86_64-unknown-linux-gnu/lib/{libcore-*,libcompiler_builtins-*}.rlib\" \"-L\" \"/tmp/rustcPenQ4R/raw-dylibs\" \"-Wl,-Bdynamic\" \"-B<sysroot>/lib/rustlib/x86_64-unknown-linux-gnu/bin/gcc-ld\" \"-fuse-ld=lld\" \"-Wl,--eh-frame-hdr\" \"-Wl,-z,noexecstack\" \"-L\" \"<sysroot>/lib/rustlib/x86_64-unknown-linux-gnu/lib\" \"-o\" \"/home/andrii/Projects/labwired/core/target/debug/deps/firmware-38f5083ac0edae43\" \"-Wl,--gc-sections\" \"-pie\" \"-Wl,-z,relro,-z,now\" \"-nodefaultlibs\"","code":null,"level":"note","spans":[],"children":[],"rendered":null},{"message":"some arguments are omitted. use `--verbose` to show all linker arguments","code":null,"level":"note","spans":[],"children":[],"rendered":null},{"message":"rust-lld: error: undefined symbol: main\n>>> referenced by /usr/lib/gcc/x86_64-linux-gnu/11/../../../x86_64-linux-gnu/Scrt1.o:(_start)\n\nrust-lld: error: undefined symbol: __libc_start_main\n>>> referenced by /usr/lib/gcc/x86_64-linux-gnu/11/../../../x86_64-linux-gnu/Scrt1.o:(_start)\n\nrust-lld: error: undefined symbol: rust_eh_personality\n>>> referenced by core.fcada436b717a91e-cgu.0\n>>>               core-323fef4d239e40fe.core.fcada436b717a91e-cgu.0.rcgu.o:(DW.ref.rust_eh_personality) in archive /home/andrii/.rustup/toolchains/stable-x86_64-unknown-linux-gnu/lib/rustlib/x86_64-unknown-linux-gnu/lib/libcore-323fef4d239e40fe.rlib\ncollect2: error: ld returned 1 exit status\n","code":null,"level":"note","spans":[],"children":[],"rendered":null}],"rendered":"\u001b[1m\u001b[91merror\u001b[0m\u001b[1m: linking with `cc` failed: exit status: 1\u001b[0m\n  \u001b[1m\u001b[94m|\u001b[0m\n  \u001b[1m\u001b[94m= \u001b[0m\u001b[1mnote\u001b[0m:  \"cc\" \"-m64\" \"/tmp/rustcPenQ4R/symbols.o\" \"<6 object files omitted>\" \"-Wl,--as-needed\" \"-Wl,-Bstatic\" \"/home/andrii/Projects/labwired/core/target/debug/deps/libpanic_halt-2b522e23cdf27732.rlib\" \"<sysroot>/lib/rustlib/x86_64-unknown-linux-gnu/lib/{libcore-*,libcompiler_builtins-*}.rlib\" \"-L\" \"/tmp/rustcPenQ4R/raw-dylibs\" \"-Wl,-Bdynamic\" \"-B<sysroot>/lib/rustlib/x86_64-unknown-linux-gnu/bin/gcc-ld\" \"-fuse-ld=lld\" \"-Wl,--eh-frame-hdr\" \"-Wl,-z,noexecstack\" \"-L\" \"<sysroot>/lib/rustlib/x86_64-unknown-linux-gnu/lib\" \"-o\" \"/home/andrii/Projects/labwired/core/target/debug/deps/firmware-38f5083ac0edae43\" \"-Wl,--gc-sections\" \"-pie\" \"-Wl,-z,relro,-z,now\" \"-nodefaultlibs\"\n  \u001b[1m\u001b[94m= \u001b[0m\u001b[1mnote\u001b[0m: some arguments are omitted. use `--verbose` to show all linker arguments\n  \u001b[1m\u001b[94m= \u001b[0m\u001b[1mnote\u001b[0m: rust-lld: error: undefined symbol: main\n          >>> referenced by /usr/lib/gcc/x86_64-linux-gnu/11/../../../x86_64-linux-gnu/Scrt1.o:(_start)\n          \n          rust-lld: error: undefined symbol: __libc_start_main\n          >>> referenced by /usr/lib/gcc/x86_64-linux-gnu/11/../../../x86_64-linux-gnu/Scrt1.o:(_start)\n          \n          rust-lld: error: undefined symbol: rust_eh_personality\n          >>> referenced by core.fcada436b717a91e-cgu.0\n          >>>               core-323fef4d239e40fe.core.fcada436b717a91e-cgu.0.rcgu.o:(DW.ref.rust_eh_personality) in archive /home/andrii/.rustup/toolchains/stable-x86_64-unknown-linux-gnu/lib/rustlib/x86_64-unknown-linux-gnu/lib/libcore-323fef4d239e40fe.rlib\n          collect2: error: ld returned 1 exit status\n          \n\n"}
{"$message_type":"diagnostic","message":"aborting due to 1 previous error","code":null,"level":"error","spans":[],"children":[],"rendered":"\u001b[1m\u001b[91merror\u001b[0m\u001b[1m: aborting due to 1 previous error\u001b[0m\n\n"}
