<?xml version="1.0" encoding="UTF-8"?>
<testsuite name="labwired" tests="3" failures="0" errors="0" time="0.012276">
  <properties>
    <property name="result_schema_version" value="1.0"/>
    <property name="stop_reason" value="Halt"/>
    <property name="firmware_hash" value="0000157164f2ffb3145796f75b6ade37ba296d3a107f07cab40fe9de26ea0d6f"/>
  </properties>
  <testcase classname="labwired" name="run" time="0.012276">
  </testcase>
  <testcase classname="labwired" name="assertion 1: uart_contains: HIL Stress Test Passed" time="0.000000">
  </testcase>
  <testcase classname="labwired" name="assertion 2: expected_stop_reason: Halt" time="0.000000">
  </testcase>
</testsuite>
