<?xml version="1.0" encoding="UTF-8"?>
<testsuite name="labwired" tests="2" failures="0" errors="0" time="0.000123">
  <properties>
    <property name="result_schema_version" value="1.0"/>
    <property name="stop_reason" value="MaxUartBytes"/>
    <property name="firmware_hash" value="2d87f4fa3133207904ac1d353113d7af4adf7d325ab9bef6a058333389fac499"/>
  </properties>
  <testcase classname="labwired" name="run" time="0.000123">
  </testcase>
  <testcase classname="labwired" name="assertion 1: expected_stop_reason: MaxUartBytes" time="0.000000">
  </testcase>
</testsuite>
